{"timestamp":"2026-02-03T17:54:49.347813Z","level":"info","event":"DAG bundles loaded: dags-folder","logger":"airflow.dag_processing.bundles.manager.DagBundlesManager","filename":"manager.py","lineno":179}
{"timestamp":"2026-02-03T17:54:49.348553Z","level":"info","event":"Filling up the DagBag from /opt/airflow/dags/script.py","logger":"airflow.models.dagbag.DagBag","filename":"dagbag.py","lineno":593}
{"timestamp":"2026-02-03T17:54:50.331438Z","level":"warning","event":"The `airflow.operators.python.PythonOperator` attribute is deprecated. Please use `'airflow.providers.standard.operators.python.PythonOperator'`.","category":"DeprecatedImportWarning","filename":"/opt/airflow/dags/script.py","lineno":4,"logger":"py.warnings"}
{"timestamp":"2026-02-03T17:54:50.580721Z","level":"info","event":"Формат привелся в datetime","logger":"task.stdout"}
{"timestamp":"2026-02-03T17:54:50.601275Z","level":"info","event":"<class 'pandas.core.frame.DataFrame'>","logger":"task.stdout"}
{"timestamp":"2026-02-03T17:54:50.601432Z","level":"info","event":"RangeIndex: 97606 entries, 0 to 97605","logger":"task.stdout"}
{"timestamp":"2026-02-03T17:54:50.601465Z","level":"info","event":"Data columns (total 6 columns):","logger":"task.stdout"}
{"timestamp":"2026-02-03T17:54:50.601562Z","level":"info","event":" #   Column         Non-Null Count  Dtype","logger":"task.stdout"}
{"timestamp":"2026-02-03T17:54:50.601620Z","level":"info","event":"---  ------         --------------  -----","logger":"task.stdout"}
{"timestamp":"2026-02-03T17:54:50.601647Z","level":"info","event":" 0   id             97606 non-null  object","logger":"task.stdout"}
{"timestamp":"2026-02-03T17:54:50.601671Z","level":"info","event":" 1   room_id/id     97606 non-null  object","logger":"task.stdout"}
{"timestamp":"2026-02-03T17:54:50.601693Z","level":"info","event":" 2   noted_date     97606 non-null  object","logger":"task.stdout"}
{"timestamp":"2026-02-03T17:54:50.601717Z","level":"info","event":" 3   temp           97606 non-null  int64","logger":"task.stdout"}
{"timestamp":"2026-02-03T17:54:50.601737Z","level":"info","event":" 4   out/in         97606 non-null  object","logger":"task.stdout"}
{"timestamp":"2026-02-03T17:54:50.601757Z","level":"info","event":" 5   noted_date_dt  97606 non-null  datetime64[ns]","logger":"task.stdout"}
{"timestamp":"2026-02-03T17:54:50.601778Z","level":"info","event":"dtypes: datetime64[ns](1), int64(1), object(4)","logger":"task.stdout"}
{"timestamp":"2026-02-03T17:54:50.601799Z","level":"info","event":"memory usage: 4.5+ MB","logger":"task.stdout"}
{"timestamp":"2026-02-03T17:54:50.601820Z","level":"info","event":"None","logger":"task.stdout"}
{"timestamp":"2026-02-03T17:54:50.614213Z","level":"info","event":"                                    id  room_id/id  ... out/in       noted_date_dt","logger":"task.stdout"}
{"timestamp":"2026-02-03T17:54:50.614442Z","level":"info","event":"0  __export__.temp_log_196134_bd201015  Room Admin  ...     In 2018-12-08 09:30:00","logger":"task.stdout"}
{"timestamp":"2026-02-03T17:54:50.614510Z","level":"info","event":"1  __export__.temp_log_196131_7bca51bc  Room Admin  ...     In 2018-12-08 09:30:00","logger":"task.stdout"}
{"timestamp":"2026-02-03T17:54:50.614562Z","level":"info","event":"2  __export__.temp_log_196127_522915e3  Room Admin  ...    Out 2018-12-08 09:29:00","logger":"task.stdout"}
{"timestamp":"2026-02-03T17:54:50.614608Z","level":"info","event":"3  __export__.temp_log_196128_be0919cf  Room Admin  ...    Out 2018-12-08 09:29:00","logger":"task.stdout"}
{"timestamp":"2026-02-03T17:54:50.614652Z","level":"info","event":"4  __export__.temp_log_196126_d30b72fb  Room Admin  ...     In 2018-12-08 09:29:00","logger":"task.stdout"}
{"timestamp":"2026-02-03T17:54:50.614699Z","level":"info","event":"5  __export__.temp_log_196125_b0fa0b41  Room Admin  ...     In 2018-12-08 09:29:00","logger":"task.stdout"}
{"timestamp":"2026-02-03T17:54:50.614742Z","level":"info","event":"6  __export__.temp_log_196121_01544d45  Room Admin  ...     In 2018-12-08 09:28:00","logger":"task.stdout"}
{"timestamp":"2026-02-03T17:54:50.614793Z","level":"info","event":"7  __export__.temp_log_196122_f8b80a9f  Room Admin  ...     In 2018-12-08 09:28:00","logger":"task.stdout"}
{"timestamp":"2026-02-03T17:54:50.614867Z","level":"info","event":"8  __export__.temp_log_196111_6b7a0848  Room Admin  ...     In 2018-12-08 09:26:00","logger":"task.stdout"}
{"timestamp":"2026-02-03T17:54:50.614918Z","level":"info","event":"9  __export__.temp_log_196112_e134aebd  Room Admin  ...     In 2018-12-08 09:26:00","logger":"task.stdout"}
{"timestamp":"2026-02-03T17:54:50.614969Z","level":"info","event":"","logger":"task.stdout"}
{"timestamp":"2026-02-03T17:54:50.615022Z","level":"info","event":"[10 rows x 6 columns]","logger":"task.stdout"}
{"timestamp":"2026-02-03T17:54:50.626231Z","level":"info","event":"По квантилями отфильтровался","logger":"task.stdout"}
{"timestamp":"2026-02-03T17:54:50.633660Z","level":"info","event":"По in отфильтровался","logger":"task.stdout"}
{"timestamp":"2026-02-03T17:54:50.640659Z","level":"info","event":"Удалось","logger":"task.stdout"}
{"timestamp":"2026-02-03T17:54:50.640920Z","level":"info","event":"Пять самых жарких дней в году","logger":"task.stdout"}
{"timestamp":"2026-02-03T17:54:50.642854Z","level":"info","event":"         noted_date_dt       temp","logger":"task.stdout"}
{"timestamp":"2026-02-03T17:54:50.643037Z","level":"info","event":"41 2018-10-13 23:40:00  35.019608","logger":"task.stdout"}
{"timestamp":"2026-02-03T17:54:50.643104Z","level":"info","event":"42 2018-10-14 22:53:00  35.000000","logger":"task.stdout"}
{"timestamp":"2026-02-03T17:54:50.643153Z","level":"info","event":"39 2018-10-11 20:44:00  34.900000","logger":"task.stdout"}
{"timestamp":"2026-02-03T17:54:50.643198Z","level":"info","event":"40 2018-10-12 21:33:00  34.295238","logger":"task.stdout"}
{"timestamp":"2026-02-03T17:54:50.643239Z","level":"info","event":"29 2018-09-22 11:06:00  34.133333","logger":"task.stdout"}
{"timestamp":"2026-02-03T17:54:50.643282Z","level":"info","event":"Пять самых холодных дней в году","logger":"task.stdout"}
{"timestamp":"2026-02-03T17:54:50.644701Z","level":"info","event":"         noted_date_dt       temp","logger":"task.stdout"}
{"timestamp":"2026-02-03T17:54:50.644847Z","level":"info","event":"14 2018-09-06 14:34:00  27.411168","logger":"task.stdout"}
{"timestamp":"2026-02-03T17:54:50.644909Z","level":"info","event":"13 2018-09-05 07:21:00  27.888889","logger":"task.stdout"}
{"timestamp":"2026-02-03T17:54:50.644957Z","level":"info","event":"69 2018-12-04 22:05:00  28.119231","logger":"task.stdout"}
{"timestamp":"2026-02-03T17:54:50.645004Z","level":"info","event":"71 2018-12-06 23:24:00  28.267123","logger":"task.stdout"}
{"timestamp":"2026-02-03T17:54:50.645047Z","level":"info","event":"66 2018-11-27 23:56:00  28.448276","logger":"task.stdout"}
{"timestamp":"2026-02-03T17:54:50.646386Z","level":"info","event":"Done. Returned value was: None","logger":"airflow.task.operators.airflow.providers.standard.operators.python.PythonOperator","filename":"python.py","lineno":216}
